98.04.06 18:59 B C:\ws\MTB\images\backwheel.GIF <-- DEMON Homepages /u/demon.co.uk/k/e/s/kesterton/MTB/images backwheel.GIF
98.04.06 19:00 B C:\ws\MTB\images\beauf.JPG <-- DEMON Homepages /u/demon.co.uk/k/e/s/kesterton/MTB/images beauf.JPG
98.04.06 19:01 B C:\ws\MTB\images\Bisle.GIF <-- DEMON Homepages /u/demon.co.uk/k/e/s/kesterton/MTB/images Bisle.GIF
98.04.06 19:01 B C:\ws\MTB\images\Bmap.GIF <-- DEMON Homepages /u/demon.co.uk/k/e/s/kesterton/MTB/images Bmap.GIF
98.04.06 19:01 B C:\ws\MTB\images\bonnach.GIF <-- DEMON Homepages /u/demon.co.uk/k/e/s/kesterton/MTB/images bonnach.GIF
98.04.06 19:01 B C:\ws\MTB\images\bwoods.GIF <-- DEMON Homepages /u/demon.co.uk/k/e/s/kesterton/MTB/images bwoods.GIF
98.04.06 19:01 B C:\ws\MTB\images\logo.GIF <-- DEMON Homepages /u/demon.co.uk/k/e/s/kesterton/MTB/images logo.GIF
98.04.06 19:01 B C:\ws\MTB\images\meagle.GIF <-- DEMON Homepages /u/demon.co.uk/k/e/s/kesterton/MTB/images meagle.GIF
98.04.06 19:02 B C:\ws\MTB\images\mucmap.GIF <-- DEMON Homepages /u/demon.co.uk/k/e/s/kesterton/MTB/images mucmap.GIF
98.04.06 19:02 B C:\ws\MTB\images\ness.JPG <-- DEMON Homepages /u/demon.co.uk/k/e/s/kesterton/MTB/images ness.JPG
98.04.06 19:03 B C:\ws\MTB\images\orrin.GIF <-- DEMON Homepages /u/demon.co.uk/k/e/s/kesterton/MTB/images orrin.GIF
98.04.06 19:03 B C:\ws\MTB\images\orrinreserv.JPG <-- DEMON Homepages /u/demon.co.uk/k/e/s/kesterton/MTB/images orrinreserv.JPG
98.04.06 19:03 B C:\ws\MTB\images\runs.map <-- DEMON Homepages /u/demon.co.uk/k/e/s/kesterton/MTB/images runs.map
98.04.06 19:03 B C:\ws\MTB\images\spittview.JPG <-- DEMON Homepages /u/demon.co.uk/k/e/s/kesterton/MTB/images spittview.JPG
98.04.06 19:03 B C:\ws\MTB\images\star4.gif <-- DEMON Homepages /u/demon.co.uk/k/e/s/kesterton/MTB/images star4.gif
98.04.06 19:03 B C:\ws\MTB\images\tyre.JPG <-- DEMON Homepages /u/demon.co.uk/k/e/s/kesterton/MTB/images tyre.JPG
98.04.06 19:03 B C:\ws\MTB\images\uphill.gif <-- DEMON Homepages /u/demon.co.uk/k/e/s/kesterton/MTB/images uphill.gif
98.04.06 19:03 B C:\ws\MTB\images\waymark.GIF <-- DEMON Homepages /u/demon.co.uk/k/e/s/kesterton/MTB/images waymark.GIF
98.04.10 21:25 B C:\ws\MTB\images\backwheel.BMP --> homepages.demon.co.uk /u/demon.co.uk/k/e/s/kesterton/MTB/images backwheel.BMP
98.04.26 18:15 B C:\ws\MTB\images\rsac.gif --> homepages.demon.co.uk /u/demon.co.uk/k/e/s/kesterton/MTB/images rsac.gif
98.04.28 19:38 B C:\ws\MTB experiment\images\backwheel.BMP --> homepages.demon.co.uk /u/demon.co.uk/k/e/s/kesterton/MTB experiment/images backwheel.BMP
98.04.28 19:42 B C:\ws\MTB experiment\images\backwheel.GIF --> homepages.demon.co.uk /u/demon.co.uk/k/e/s/kesterton/MTB experiment/images backwheel.GIF
98.04.28 19:42 B C:\ws\MTB experiment\images\Beauf.JPG --> homepages.demon.co.uk /u/demon.co.uk/k/e/s/kesterton/MTB experiment/images Beauf.JPG
98.04.28 19:43 B C:\ws\MTB experiment\images\Bisle.GIF --> homepages.demon.co.uk /u/demon.co.uk/k/e/s/kesterton/MTB experiment/images Bisle.GIF
98.04.28 19:43 B C:\ws\MTB experiment\images\bonnach.GIF --> homepages.demon.co.uk /u/demon.co.uk/k/e/s/kesterton/MTB experiment/images bonnach.GIF
98.04.28 19:43 B C:\ws\MTB experiment\images\bwoods.GIF --> homepages.demon.co.uk /u/demon.co.uk/k/e/s/kesterton/MTB experiment/images bwoods.GIF
98.04.28 19:44 B C:\ws\MTB experiment\images\logo.GIF --> homepages.demon.co.uk /u/demon.co.uk/k/e/s/kesterton/MTB experiment/images logo.GIF
98.04.28 19:44 B C:\ws\MTB experiment\images\meagle.GIF --> homepages.demon.co.uk /u/demon.co.uk/k/e/s/kesterton/MTB experiment/images meagle.GIF
98.04.28 19:44 B C:\ws\MTB experiment\images\mucmap.gif --> homepages.demon.co.uk /u/demon.co.uk/k/e/s/kesterton/MTB experiment/images mucmap.gif
98.04.28 19:44 B C:\ws\MTB experiment\images\ness.JPG --> homepages.demon.co.uk /u/demon.co.uk/k/e/s/kesterton/MTB experiment/images ness.JPG
98.04.28 19:44 B C:\ws\MTB experiment\images\orrin.GIF --> homepages.demon.co.uk /u/demon.co.uk/k/e/s/kesterton/MTB experiment/images orrin.GIF
98.04.28 19:45 B C:\ws\MTB experiment\images\orrinreserv.JPG --> homepages.demon.co.uk /u/demon.co.uk/k/e/s/kesterton/MTB experiment/images orrinreserv.JPG
98.04.28 19:45 B C:\ws\MTB experiment\images\rsac.gif --> homepages.demon.co.uk /u/demon.co.uk/k/e/s/kesterton/MTB experiment/images rsac.gif
98.04.28 19:45 B C:\ws\MTB experiment\images\runs.map --> homepages.demon.co.uk /u/demon.co.uk/k/e/s/kesterton/MTB experiment/images runs.map
98.04.28 19:45 B C:\ws\MTB experiment\images\spittview.JPG --> homepages.demon.co.uk /u/demon.co.uk/k/e/s/kesterton/MTB experiment/images spittview.JPG
98.04.28 19:45 B C:\ws\MTB experiment\images\star4.gif --> homepages.demon.co.uk /u/demon.co.uk/k/e/s/kesterton/MTB experiment/images star4.gif
98.04.28 19:45 B C:\ws\MTB experiment\images\tyre.JPG --> homepages.demon.co.uk /u/demon.co.uk/k/e/s/kesterton/MTB experiment/images tyre.JPG
98.05.04 19:21 B C:\ws\MTB experiment\images\Bmap.GIF --> homepages.demon.co.uk /u/demon.co.uk/k/e/s/kesterton/MTB/images Bmap.GIF
98.05.04 19:21 B C:\ws\MTB experiment\images\uphill.gif --> homepages.demon.co.uk /u/demon.co.uk/k/e/s/kesterton/MTB/images uphill.gif
98.05.04 19:21 B C:\ws\MTB experiment\images\waymark.GIF --> homepages.demon.co.uk /u/demon.co.uk/k/e/s/kesterton/MTB/images waymark.GIF
